 
****************************************
Report : area
Design : vending_top
Version: X-2025.06-SP2
Date   : Sat Jul 11 00:31:10 2026
****************************************

Information: Updating design information... (UID-85)
Library(s) Used:

    saed32rvt_tt1p05v25c (File: /home/gabriel.florentino/projetos/vending_machine/libs/saed32rvt_tt1p05v25c.db)

Number of ports:                           38
Number of nets:                           250
Number of cells:                          221
Number of combinational cells:            176
Number of sequential cells:                44
Number of macros/black boxes:               0
Number of buf/inv:                         33
Number of references:                      27

Combinational area:                411.459137
Buf/Inv area:                       42.442048
Noncombinational area:             295.315337
Macro/Black Box area:                0.000000
Net Interconnect area:             149.245282

Total cell area:                   706.774474
Total area:                        856.019756

Hierarchical area distribution
------------------------------

                                  Global cell area          Local cell area
                                  ------------------  --------------------------- 
Hierarchical cell                 Absolute   Percent  Combi-    Noncombi-  Black-
                                  Total      Total    national  national   boxes   Design
--------------------------------  ---------  -------  --------  ---------  ------  ---------
vending_top                        706.7745    100.0  411.4591   295.3153  0.0000  vending_top
--------------------------------  ---------  -------  --------  ---------  ------  ---------
Total                                                 411.4591   295.3153  0.0000

1
