 
****************************************
Report : power
        -analysis_effort low
Design : vending_top
Version: X-2025.06-SP2
Date   : Sat Jul 11 00:31:10 2026
****************************************


Library(s) Used:

    saed32rvt_tt1p05v25c (File: /home/gabriel.florentino/projetos/vending_machine/libs/saed32rvt_tt1p05v25c.db)


Operating Conditions: tt1p05v25c   Library: saed32rvt_tt1p05v25c
Wire Load Model Mode: enclosed

Design        Wire Load Model            Library
------------------------------------------------
vending_top            8000              saed32rvt_tt1p05v25c


Global Operating Voltage = 1.05 
Power-specific unit information :
    Voltage Units = 1V
    Capacitance Units = 1.000000ff
    Time Units = 1ns
    Dynamic Power Units = 1uW    (derived from V,C,T units)
    Leakage Power Units = 1pW


Attributes
----------
i - Including register clock pin internal power


  Cell Internal Power  =  16.2030 uW   (95%)
  Net Switching Power  = 815.6333 nW    (5%)
                         ---------
Total Dynamic Power    =  17.0187 uW  (100%)

Cell Leakage Power     =  73.7663 uW


                 Internal         Switching           Leakage            Total
Power Group      Power            Power               Power              Power   (   %    )  Attrs
--------------------------------------------------------------------------------------------------
io_pad             0.0000            0.0000            0.0000            0.0000  (   0.00%)
memory             0.0000            0.0000            0.0000            0.0000  (   0.00%)
black_box          0.0000            0.0000            0.0000            0.0000  (   0.00%)
clock_network     14.5967            0.0000            0.0000           14.5967  (  16.08%)  i
register           0.4701            0.1927        4.4860e+07           45.5228  (  50.14%)
sequential         0.0000            0.0000            0.0000            0.0000  (   0.00%)
combinational      1.1363            0.6229        2.8906e+07           30.6654  (  33.78%)
--------------------------------------------------------------------------------------------------
Total             16.2030 uW         0.8156 uW     7.3766e+07 pW        90.7850 uW
1
