 
****************************************
Report : timing
        -path full
        -delay max
        -max_paths 10
Design : vending_top
Version: X-2025.06-SP2
Date   : Sat Jul 11 00:31:10 2026
****************************************

Operating Conditions: tt1p05v25c   Library: saed32rvt_tt1p05v25c
Wire Load Model Mode: enclosed

  Startpoint: cancel (input port clocked by clk)
  Endpoint: change_out[4]
            (output port clocked by clk)
  Path Group: clk
  Path Type: max

  Des/Clust/Port     Wire Load Model       Library
  ------------------------------------------------
  vending_top        8000                  saed32rvt_tt1p05v25c

  Point                                    Incr       Path
  -----------------------------------------------------------
  clock clk (rise edge)                    0.00       0.00
  clock network delay (ideal)              0.00       0.00
  input external delay                     3.00       3.00 f
  cancel (in)                              0.01       3.01 f
  U182/Y (INVX0_RVT)                       0.04       3.05 r
  U208/Y (NAND2X0_RVT)                     0.06       3.11 f
  U210/Y (INVX0_RVT)                       0.05       3.16 r
  U224/Y (OA221X1_RVT)                     0.06       3.22 r
  U225/SO (HADDX1_RVT)                     0.08       3.29 f
  U226/Y (AND2X1_RVT)                      0.04       3.33 f
  change_out[4] (out)                      0.00       3.33 f
  data arrival time                                   3.33

  clock clk (rise edge)                   20.00      20.00
  clock network delay (ideal)              0.00      20.00
  clock uncertainty                       -0.50      19.50
  output external delay                   -3.00      16.50
  data required time                                 16.50
  -----------------------------------------------------------
  data required time                                 16.50
  data arrival time                                  -3.33
  -----------------------------------------------------------
  slack (MET)                                        13.17


  Startpoint: cancel (input port clocked by clk)
  Endpoint: change_out[0]
            (output port clocked by clk)
  Path Group: clk
  Path Type: max

  Des/Clust/Port     Wire Load Model       Library
  ------------------------------------------------
  vending_top        8000                  saed32rvt_tt1p05v25c

  Point                                    Incr       Path
  -----------------------------------------------------------
  clock clk (rise edge)                    0.00       0.00
  clock network delay (ideal)              0.00       0.00
  input external delay                     3.00       3.00 f
  cancel (in)                              0.01       3.01 f
  U182/Y (INVX0_RVT)                       0.04       3.05 r
  U208/Y (NAND2X0_RVT)                     0.06       3.11 f
  U210/Y (INVX0_RVT)                       0.05       3.16 r
  U211/Y (NAND2X0_RVT)                     0.04       3.20 f
  U212/Y (INVX0_RVT)                       0.04       3.24 r
  U213/Y (AO22X1_RVT)                      0.05       3.29 r
  change_out[0] (out)                      0.00       3.29 r
  data arrival time                                   3.29

  clock clk (rise edge)                   20.00      20.00
  clock network delay (ideal)              0.00      20.00
  clock uncertainty                       -0.50      19.50
  output external delay                   -3.00      16.50
  data required time                                 16.50
  -----------------------------------------------------------
  data required time                                 16.50
  data arrival time                                  -3.29
  -----------------------------------------------------------
  slack (MET)                                        13.21


  Startpoint: cancel (input port clocked by clk)
  Endpoint: change_out[6]
            (output port clocked by clk)
  Path Group: clk
  Path Type: max

  Des/Clust/Port     Wire Load Model       Library
  ------------------------------------------------
  vending_top        8000                  saed32rvt_tt1p05v25c

  Point                                    Incr       Path
  -----------------------------------------------------------
  clock clk (rise edge)                    0.00       0.00
  clock network delay (ideal)              0.00       0.00
  input external delay                     3.00       3.00 f
  cancel (in)                              0.01       3.01 f
  U182/Y (INVX0_RVT)                       0.04       3.05 r
  U208/Y (NAND2X0_RVT)                     0.06       3.11 f
  U210/Y (INVX0_RVT)                       0.05       3.16 r
  U211/Y (NAND2X0_RVT)                     0.04       3.20 f
  U212/Y (INVX0_RVT)                       0.04       3.24 r
  U233/Y (AO22X1_RVT)                      0.05       3.29 r
  change_out[6] (out)                      0.00       3.29 r
  data arrival time                                   3.29

  clock clk (rise edge)                   20.00      20.00
  clock network delay (ideal)              0.00      20.00
  clock uncertainty                       -0.50      19.50
  output external delay                   -3.00      16.50
  data required time                                 16.50
  -----------------------------------------------------------
  data required time                                 16.50
  data arrival time                                  -3.29
  -----------------------------------------------------------
  slack (MET)                                        13.21


  Startpoint: cancel (input port clocked by clk)
  Endpoint: change_out[3]
            (output port clocked by clk)
  Path Group: clk
  Path Type: max

  Des/Clust/Port     Wire Load Model       Library
  ------------------------------------------------
  vending_top        8000                  saed32rvt_tt1p05v25c

  Point                                    Incr       Path
  -----------------------------------------------------------
  clock clk (rise edge)                    0.00       0.00
  clock network delay (ideal)              0.00       0.00
  input external delay                     3.00       3.00 r
  cancel (in)                              0.01       3.01 r
  U182/Y (INVX0_RVT)                       0.04       3.05 f
  U208/Y (NAND2X0_RVT)                     0.07       3.11 r
  U221/Y (AO221X1_RVT)                     0.08       3.19 r
  U222/Y (INVX0_RVT)                       0.03       3.22 f
  U223/Y (OA221X1_RVT)                     0.06       3.27 f
  change_out[3] (out)                      0.00       3.27 f
  data arrival time                                   3.27

  clock clk (rise edge)                   20.00      20.00
  clock network delay (ideal)              0.00      20.00
  clock uncertainty                       -0.50      19.50
  output external delay                   -3.00      16.50
  data required time                                 16.50
  -----------------------------------------------------------
  data required time                                 16.50
  data arrival time                                  -3.27
  -----------------------------------------------------------
  slack (MET)                                        13.23


  Startpoint: cancel (input port clocked by clk)
  Endpoint: change_out[1]
            (output port clocked by clk)
  Path Group: clk
  Path Type: max

  Des/Clust/Port     Wire Load Model       Library
  ------------------------------------------------
  vending_top        8000                  saed32rvt_tt1p05v25c

  Point                                    Incr       Path
  -----------------------------------------------------------
  clock clk (rise edge)                    0.00       0.00
  clock network delay (ideal)              0.00       0.00
  input external delay                     3.00       3.00 r
  cancel (in)                              0.01       3.01 r
  U182/Y (INVX0_RVT)                       0.04       3.05 f
  U208/Y (NAND2X0_RVT)                     0.07       3.11 r
  U214/Y (AO221X1_RVT)                     0.08       3.19 r
  U176/Y (INVX0_RVT)                       0.03       3.22 f
  U215/Y (OA221X1_RVT)                     0.06       3.27 f
  change_out[1] (out)                      0.00       3.27 f
  data arrival time                                   3.27

  clock clk (rise edge)                   20.00      20.00
  clock network delay (ideal)              0.00      20.00
  clock uncertainty                       -0.50      19.50
  output external delay                   -3.00      16.50
  data required time                                 16.50
  -----------------------------------------------------------
  data required time                                 16.50
  data arrival time                                  -3.27
  -----------------------------------------------------------
  slack (MET)                                        13.23


  Startpoint: cancel (input port clocked by clk)
  Endpoint: change_out[2]
            (output port clocked by clk)
  Path Group: clk
  Path Type: max

  Des/Clust/Port     Wire Load Model       Library
  ------------------------------------------------
  vending_top        8000                  saed32rvt_tt1p05v25c

  Point                                    Incr       Path
  -----------------------------------------------------------
  clock clk (rise edge)                    0.00       0.00
  clock network delay (ideal)              0.00       0.00
  input external delay                     3.00       3.00 r
  cancel (in)                              0.01       3.01 r
  U182/Y (INVX0_RVT)                       0.04       3.05 f
  U208/Y (NAND2X0_RVT)                     0.07       3.11 r
  U217/Y (AO221X1_RVT)                     0.08       3.19 r
  U218/Y (INVX0_RVT)                       0.03       3.22 f
  U219/Y (OA221X1_RVT)                     0.06       3.27 f
  change_out[2] (out)                      0.00       3.27 f
  data arrival time                                   3.27

  clock clk (rise edge)                   20.00      20.00
  clock network delay (ideal)              0.00      20.00
  clock uncertainty                       -0.50      19.50
  output external delay                   -3.00      16.50
  data required time                                 16.50
  -----------------------------------------------------------
  data required time                                 16.50
  data arrival time                                  -3.27
  -----------------------------------------------------------
  slack (MET)                                        13.23


  Startpoint: cancel (input port clocked by clk)
  Endpoint: change_out[5]
            (output port clocked by clk)
  Path Group: clk
  Path Type: max

  Des/Clust/Port     Wire Load Model       Library
  ------------------------------------------------
  vending_top        8000                  saed32rvt_tt1p05v25c

  Point                                    Incr       Path
  -----------------------------------------------------------
  clock clk (rise edge)                    0.00       0.00
  clock network delay (ideal)              0.00       0.00
  input external delay                     3.00       3.00 f
  cancel (in)                              0.01       3.01 f
  U182/Y (INVX0_RVT)                       0.04       3.05 r
  U208/Y (NAND2X0_RVT)                     0.06       3.11 f
  U210/Y (INVX0_RVT)                       0.05       3.16 r
  U211/Y (NAND2X0_RVT)                     0.04       3.20 f
  U229/Y (OAI22X1_RVT)                     0.07       3.27 r
  change_out[5] (out)                      0.00       3.27 r
  data arrival time                                   3.27

  clock clk (rise edge)                   20.00      20.00
  clock network delay (ideal)              0.00      20.00
  clock uncertainty                       -0.50      19.50
  output external delay                   -3.00      16.50
  data required time                                 16.50
  -----------------------------------------------------------
  data required time                                 16.50
  data arrival time                                  -3.27
  -----------------------------------------------------------
  slack (MET)                                        13.23


  Startpoint: cancel (input port clocked by clk)
  Endpoint: change_out[7]
            (output port clocked by clk)
  Path Group: clk
  Path Type: max

  Des/Clust/Port     Wire Load Model       Library
  ------------------------------------------------
  vending_top        8000                  saed32rvt_tt1p05v25c

  Point                                    Incr       Path
  -----------------------------------------------------------
  clock clk (rise edge)                    0.00       0.00
  clock network delay (ideal)              0.00       0.00
  input external delay                     3.00       3.00 r
  cancel (in)                              0.01       3.01 r
  U205/Y (OR2X1_RVT)                       0.05       3.05 r
  U206/Y (AND2X1_RVT)                      0.04       3.09 r
  change_out[7] (out)                      0.00       3.09 r
  data arrival time                                   3.09

  clock clk (rise edge)                   20.00      20.00
  clock network delay (ideal)              0.00      20.00
  clock uncertainty                       -0.50      19.50
  output external delay                   -3.00      16.50
  data required time                                 16.50
  -----------------------------------------------------------
  data required time                                 16.50
  data arrival time                                  -3.09
  -----------------------------------------------------------
  slack (MET)                                        13.41


  Startpoint: sel_item[0]
              (input port clocked by clk)
  Endpoint: u_stock_memory/memory_reg[3][0]
            (rising edge-triggered flip-flop clocked by clk)
  Path Group: clk
  Path Type: max

  Des/Clust/Port     Wire Load Model       Library
  ------------------------------------------------
  vending_top        8000                  saed32rvt_tt1p05v25c

  Point                                              Incr       Path
  ---------------------------------------------------------------------
  clock clk (rise edge)                              0.00       0.00
  clock network delay (ideal)                        0.00       0.00
  input external delay                               3.00       3.00 r
  sel_item[0] (in)                                   0.00       3.00 r
  U164/Y (INVX0_RVT)                                 0.06       3.06 f
  U165/Y (INVX2_RVT)                                 0.10       3.16 r
  U256/Y (MUX41X1_RVT)                               0.19       3.35 r
  U257/Y (OR2X1_RVT)                                 0.06       3.41 r
  U258/Y (OR2X1_RVT)                                 0.05       3.46 r
  U259/Y (OR2X1_RVT)                                 0.05       3.51 r
  U260/Y (OR2X1_RVT)                                 0.05       3.56 r
  U261/Y (NAND2X0_RVT)                               0.05       3.61 f
  U262/Y (OA21X1_RVT)                                0.07       3.69 f
  U263/Y (INVX0_RVT)                                 0.04       3.73 r
  U264/Y (AND2X1_RVT)                                0.05       3.78 r
  U277/Y (AO22X1_RVT)                                0.05       3.83 r
  u_stock_memory/memory_reg[3][0]/D (DFFX1_RVT)      0.01       3.85 r
  data arrival time                                             3.85

  clock clk (rise edge)                             20.00      20.00
  clock network delay (ideal)                        0.00      20.00
  clock uncertainty                                 -0.50      19.50
  u_stock_memory/memory_reg[3][0]/CLK (DFFX1_RVT)     0.00     19.50 r
  library setup time                                -0.03      19.47
  data required time                                           19.47
  ---------------------------------------------------------------------
  data required time                                           19.47
  data arrival time                                            -3.85
  ---------------------------------------------------------------------
  slack (MET)                                                  15.62


  Startpoint: sel_item[0]
              (input port clocked by clk)
  Endpoint: u_stock_memory/memory_reg[1][1]
            (rising edge-triggered flip-flop clocked by clk)
  Path Group: clk
  Path Type: max

  Des/Clust/Port     Wire Load Model       Library
  ------------------------------------------------
  vending_top        8000                  saed32rvt_tt1p05v25c

  Point                                              Incr       Path
  ---------------------------------------------------------------------
  clock clk (rise edge)                              0.00       0.00
  clock network delay (ideal)                        0.00       0.00
  input external delay                               3.00       3.00 r
  sel_item[0] (in)                                   0.00       3.00 r
  U164/Y (INVX0_RVT)                                 0.06       3.06 f
  U165/Y (INVX2_RVT)                                 0.10       3.16 r
  U256/Y (MUX41X1_RVT)                               0.19       3.35 r
  U257/Y (OR2X1_RVT)                                 0.06       3.41 r
  U258/Y (OR2X1_RVT)                                 0.05       3.46 r
  U259/Y (OR2X1_RVT)                                 0.05       3.51 r
  U260/Y (OR2X1_RVT)                                 0.05       3.56 r
  U261/Y (NAND2X0_RVT)                               0.05       3.61 f
  U288/Y (OA21X1_RVT)                                0.07       3.69 f
  U289/Y (INVX0_RVT)                                 0.04       3.73 r
  U291/Y (AND2X1_RVT)                                0.05       3.78 r
  U292/Y (AO22X1_RVT)                                0.05       3.83 r
  u_stock_memory/memory_reg[1][1]/D (DFFX1_RVT)      0.01       3.85 r
  data arrival time                                             3.85

  clock clk (rise edge)                             20.00      20.00
  clock network delay (ideal)                        0.00      20.00
  clock uncertainty                                 -0.50      19.50
  u_stock_memory/memory_reg[1][1]/CLK (DFFX1_RVT)     0.00     19.50 r
  library setup time                                -0.03      19.47
  data required time                                           19.47
  ---------------------------------------------------------------------
  data required time                                           19.47
  data arrival time                                            -3.85
  ---------------------------------------------------------------------
  slack (MET)                                                  15.62


1
